Initializing document watcher...
Document watcher initialized
kittanaiyam/r2de3-workshops/dags/example.py: {}
kittanaiyam/r2de3-workshops/dags/example.py: {}
kittanaiyam/r2de3-workshops/dags/example.py: {}
kittanaiyam/r2de3-workshops/dags/example.py: {}
kittanaiyam/r2de3-workshops/dags/example.py: {}
kittanaiyam/r2de3-workshops/dags/example.py: {}
kittanaiyam/r2de3-workshops/dags/example.py: {}
kittanaiyam/r2de3-workshops/dags/example.py: {}
kittanaiyam/r2de3-workshops/dags/example.py: {}
kittanaiyam/r2de3-workshops/dags/example.py: {}
kittanaiyam/r2de3-workshops/dags/example.py: {}
kittanaiyam/r2de3-workshops/dags/example.py: {}
kittanaiyam/r2de3-workshops/dags/example.py: {}
kittanaiyam/r2de3-workshops/dags/example.py: {}
kittanaiyam/r2de3-workshops/dags/example.py: {}
kittanaiyam/r2de3-workshops/dags/example.py: {}
kittanaiyam/r2de3-workshops/dags/example.py: {}
kittanaiyam/r2de3-workshops/dags/ws4_exercise1_taskflow.py: {}
kittanaiyam/r2de3-workshops/dags/ws4_exercise1_taskflow.py: Using EditorConfig core...
kittanaiyam/r2de3-workshops/dags/ws4_exercise1_taskflow.py: Using EditorConfig core...
kittanaiyam/r2de3-workshops/dags/ws4_exercise1_taskflow.py: {}
kittanaiyam/r2de3-workshops/dags/ws4_exercise1_taskflow.py: Using EditorConfig core...
kittanaiyam/r2de3-workshops/dags/ws4_exercise1_taskflow.py: Using EditorConfig core...
kittanaiyam/r2de3-workshops/dags/ws4_exercise1_taskflow.py: {}
kittanaiyam/r2de3-workshops/dags/ws4_exercise1_taskflow.py: Using EditorConfig core...
kittanaiyam/r2de3-workshops/dags/ws4_exercise1_taskflow.py: Using EditorConfig core...
kittanaiyam/r2de3-workshops/dags/ws4_exercise1_taskflow.py: Using EditorConfig core...
kittanaiyam/r2de3-workshops/dags/ws4_exercise1_taskflow.py: {}
kittanaiyam/r2de3-workshops/dags/ws4_exercise1_taskflow.py: Using EditorConfig core...
kittanaiyam/r2de3-workshops/dags/ws4_exercise1_taskflow.py: {}
kittanaiyam/r2de3-workshops/dags/ws4_exercise1_taskflow.py: Using EditorConfig core...
kittanaiyam/r2de3-workshops/dags/example.py: {}
kittanaiyam/r2de3-workshops/dags/ws4_exercise1_taskflow.py: {}
kittanaiyam/r2de3-workshops/dags/example.py: {}
kittanaiyam/r2de3-workshops/dags/ws4_exercise1_taskflow.py: {}
kittanaiyam/r2de3-workshops/dags/ws4_exercise1_taskflow.py: Using EditorConfig core...
kittanaiyam/r2de3-workshops/dags/ws4_exercise1_taskflow.py: {}
kittanaiyam/r2de3-workshops/dags/ws4_exercise1_taskflow.py: {}
kittanaiyam/r2de3-workshops/dags/ws4_exercise1_taskflow.py: {}
kittanaiyam/r2de3-workshops/dags/example.py: {}
kittanaiyam/r2de3-workshops/dags/ws4_exercise1_taskflow.py: {}
kittanaiyam/r2de3-workshops/dags/ws4_exercise1_taskflow.py: Using EditorConfig core...
kittanaiyam/r2de3-workshops/dags/ws4_exercise1_taskflow.py: Using EditorConfig core...
kittanaiyam/r2de3-workshops/dags/ws4_exercise1_taskflow.py: Using EditorConfig core...
kittanaiyam/r2de3-workshops/dags/ws4_exercise1_taskflow.py: {}
kittanaiyam/r2de3-workshops/dags/ws4_exercise1_taskflow.py: {}
kittanaiyam/r2de3-workshops/dags/ws4_exercise1_taskflow.py: {}
kittanaiyam/r2de3-workshops/dags/ws4_exercise1_taskflow.py: {}
kittanaiyam/r2de3-workshops/dags/ws4_exercise2_taskflow.py: {}
kittanaiyam/r2de3-workshops/dags/example.py: {}
kittanaiyam/r2de3-workshops/dags/ws4_exercise2_taskflow.py: {}
kittanaiyam/r2de3-workshops/dags/ws4_exercise2_taskflow.py: Using EditorConfig core...
kittanaiyam/r2de3-workshops/dags/ws4_exercise2_taskflow.py: Using EditorConfig core...
kittanaiyam/r2de3-workshops/dags/ws4_exercise2_taskflow.py: Using EditorConfig core...
kittanaiyam/r2de3-workshops/dags/ws4_exercise2_taskflow.py: {}
kittanaiyam/r2de3-workshops/dags/ws4_exercise2_taskflow.py: Using EditorConfig core...
kittanaiyam/r2de3-workshops/dags/ws4_exercise1_taskflow.py: {}
kittanaiyam/r2de3-workshops/dags/ws4_exercise2_taskflow.py: Using EditorConfig core...
kittanaiyam/r2de3-workshops/dags/ws4_exercise1_taskflow.py: {}
kittanaiyam/r2de3-workshops/dags/ws4_exercise1_taskflow.py: {}
kittanaiyam/r2de3-workshops/dags/ws4_exercise1_taskflow.py: {}
kittanaiyam/r2de3-workshops/dags/ws4_exercise1_taskflow.py: {}
kittanaiyam/r2de3-workshops/dags/ws4_exercise1_taskflow.py: Using EditorConfig core...
kittanaiyam/r2de3-workshops/dags/ws4_exercise1_taskflow.py: {}
kittanaiyam/r2de3-workshops/dags/ws4_exercise1_taskflow.py: Using EditorConfig core...
kittanaiyam/r2de3-workshops/dags/ws4_exercise1_taskflow.py: Using EditorConfig core...
kittanaiyam/r2de3-workshops/dags/ws4_exercise1_taskflow.py: Using EditorConfig core...
kittanaiyam/r2de3-workshops/dags/ws4_exercise1_taskflow.py: {}
No more open editors.
kittanaiyam/r2de3-workshops/dags/example.py: {}
kittanaiyam/r2de3-workshops/dags/ws4_exercise1_taskflow.py: {}
kittanaiyam/r2de3-workshops/dags/example.py: {}
kittanaiyam/r2de3-workshops/dags/ws4_exercise1_taskflow.py: {}
kittanaiyam/r2de3-workshops/dags/ws4_exercise1_taskflow.py: {}
kittanaiyam/r2de3-workshops/dags/ws4_exercise1_taskflow.py: {}
kittanaiyam/r2de3-workshops/dags/ws4_exercise2_taskflow.py: {}
kittanaiyam/r2de3-workshops/dags/ws4_exercise2_taskflow.py: {}
kittanaiyam/r2de3-workshops/dags/ws4_exercise2_taskflow.py: {}
kittanaiyam/r2de3-workshops/dags/ws4_exercise2_taskflow.py: Using EditorConfig core...
kittanaiyam/r2de3-workshops/dags/ws4_exercise2_taskflow.py: Using EditorConfig core...
kittanaiyam/r2de3-workshops/dags/ws4_exercise2_taskflow.py: {}
kittanaiyam/r2de3-workshops/dags/ws4_exercise2_taskflow.py: {}
kittanaiyam/r2de3-workshops/dags/ws4_exercise2_taskflow.py: Using EditorConfig core...
kittanaiyam/r2de3-workshops/dags/ws4_exercise2_taskflow.py: {}
kittanaiyam/r2de3-workshops/dags/ws4_exercise2_taskflow.py: {}
No more open editors.
kittanaiyam/r2de3-workshops/dags/ws4_exercise3.py: {}
kittanaiyam/r2de3-workshops/dags/ws4_exercise3.py: {}
kittanaiyam/r2de3-workshops/dags/ws4_exercise3.py: Using EditorConfig core...
kittanaiyam/r2de3-workshops/dags/ws4_exercise3.py: Using EditorConfig core...
kittanaiyam/r2de3-workshops/dags/ws4_exercise3.py: Using EditorConfig core...
kittanaiyam/r2de3-workshops/dags/ws4_exercise3.py: Using EditorConfig core...
kittanaiyam/r2de3-workshops/dags/ws4_exercise3.py: Using EditorConfig core...
kittanaiyam/r2de3-workshops/dags/ws4_exercise3.py: Using EditorConfig core...
kittanaiyam/r2de3-workshops/dags/ws4_exercise3.py: Using EditorConfig core...
kittanaiyam/r2de3-workshops/dags/ws4_exercise3.py: Using EditorConfig core...
kittanaiyam/r2de3-workshops/dags/ws4_exercise3.py: Using EditorConfig core...
kittanaiyam/r2de3-workshops/dags/ws4_exercise3.py: {}
kittanaiyam/r2de3-workshops/dags/ws4_exercise3.py: Using EditorConfig core...
kittanaiyam/r2de3-workshops/dags/ws4_exercise3.py: Using EditorConfig core...
kittanaiyam/r2de3-workshops/dags/ws4_exercise3.py: Using EditorConfig core...
kittanaiyam/r2de3-workshops/dags/ws4_exercise3.py: Using EditorConfig core...
kittanaiyam/r2de3-workshops/dags/ws4_exercise3.py: Using EditorConfig core...
kittanaiyam/r2de3-workshops/dags/ws4_exercise3.py: {}
kittanaiyam/r2de3-workshops/dags/ws4_exercise3.py: Using EditorConfig core...
kittanaiyam/r2de3-workshops/dags/ws4_exercise3.py: Using EditorConfig core...
kittanaiyam/r2de3-workshops/dags/ws4_exercise3.py: Using EditorConfig core...
kittanaiyam/r2de3-workshops/dags/ws4_exercise3.py: Using EditorConfig core...
kittanaiyam/r2de3-workshops/dags/ws4_exercise3.py: Using EditorConfig core...
kittanaiyam/r2de3-workshops/dags/ws4_exercise3.py: Using EditorConfig core...
kittanaiyam/r2de3-workshops/dags/ws4_exercise3.py: Using EditorConfig core...
kittanaiyam/r2de3-workshops/dags/ws4_exercise3.py: Using EditorConfig core...
kittanaiyam/r2de3-workshops/dags/ws4_exercise3.py: Using EditorConfig core...
kittanaiyam/r2de3-workshops/dags/ws4_exercise3.py: Using EditorConfig core...
kittanaiyam/r2de3-workshops/dags/ws4_exercise3.py: Using EditorConfig core...
kittanaiyam/r2de3-workshops/dags/ws4_exercise3.py: Using EditorConfig core...
kittanaiyam/r2de3-workshops/dags/ws4_exercise3.py: Using EditorConfig core...
kittanaiyam/r2de3-workshops/dags/ws4_exercise3.py: {}
kittanaiyam/r2de3-workshops/dags/ws4_exercise3.py: Using EditorConfig core...
kittanaiyam/r2de3-workshops/dags/ws4_exercise3.py: Using EditorConfig core...
kittanaiyam/r2de3-workshops/dags/ws4_exercise3.py: Using EditorConfig core...
kittanaiyam/r2de3-workshops/dags/ws4_exercise3.py: Using EditorConfig core...
kittanaiyam/r2de3-workshops/dags/ws4_exercise3.py: Using EditorConfig core...
kittanaiyam/r2de3-workshops/dags/ws4_exercise3.py: Using EditorConfig core...
kittanaiyam/r2de3-workshops/dags/ws4_exercise3.py: Using EditorConfig core...
kittanaiyam/r2de3-workshops/dags/ws4_exercise3.py: Using EditorConfig core...
kittanaiyam/r2de3-workshops/dags/ws4_exercise3.py: Using EditorConfig core...
kittanaiyam/r2de3-workshops/dags/ws4_exercise3.py: {}
kittanaiyam/r2de3-workshops/dags/ws4_exercise3.py: {}
kittanaiyam/r2de3-workshops/dags/ws4_exercise3.py: {}
kittanaiyam/r2de3-workshops/dags/ws4_exercise3.py: {}
kittanaiyam/r2de3-workshops/dags/ws4_exercise3.py: Using EditorConfig core...
kittanaiyam/r2de3-workshops/dags/ws4_exercise3.py: Using EditorConfig core...
kittanaiyam/r2de3-workshops/dags/ws4_exercise3.py: Using EditorConfig core...
kittanaiyam/r2de3-workshops/dags/ws4_exercise3.py: Using EditorConfig core...
kittanaiyam/r2de3-workshops/dags/ws4_exercise3.py: Using EditorConfig core...
kittanaiyam/r2de3-workshops/dags/ws4_exercise3.py: Using EditorConfig core...
kittanaiyam/r2de3-workshops/dags/ws4_exercise3.py: {}
kittanaiyam/r2de3-workshops/dags/ws4_exercise3.py: {}
kittanaiyam/r2de3-workshops/dags/ws4_exercise3.py: {}
