Initializing document watcher...
Document watcher initialized
kittanaiyam/workshop: {}
kittanaiyam/workshop/workshop3.py: {}
kittanaiyam/workshop/workshop3.py: {}
kittanaiyam/workshop/workshop3.py: {}
kittanaiyam/workshop/workshop3.py: {}
kittanaiyam/workshop/workshop3.py: {}
kittanaiyam/workshop/workshop3.py: {}
kittanaiyam/workshop/workshop3.py: {}
kittanaiyam/workshop/workshop3.py: {}
kittanaiyam/workshop/workshop3.py: {}
kittanaiyam/workshop/workshop3.py: Using EditorConfig core...
kittanaiyam/workshop/workshop3.py: {}
kittanaiyam/workshop/workshop3.py: {}
kittanaiyam/workshop/workshop3.py: Using EditorConfig core...
kittanaiyam/workshop/workshop3.py: Using EditorConfig core...
kittanaiyam/workshop/workshop3.py: Using EditorConfig core...
kittanaiyam/workshop/workshop3.py: Using EditorConfig core...
kittanaiyam/workshop/workshop3.py: Using EditorConfig core...
kittanaiyam/workshop/workshop3.py: Using EditorConfig core...
kittanaiyam/workshop/workshop3.py: Using EditorConfig core...
kittanaiyam/workshop/workshop3.py: Using EditorConfig core...
kittanaiyam/workshop/workshop3.py: Using EditorConfig core...
kittanaiyam/workshop/workshop3.py: Using EditorConfig core...
kittanaiyam/workshop/workshop3.py: Using EditorConfig core...
kittanaiyam/workshop/workshop3.py: Using EditorConfig core...
kittanaiyam/workshop/workshop3.py: Using EditorConfig core...
kittanaiyam/workshop/workshop3.py: Using EditorConfig core...
kittanaiyam/workshop/workshop3.py: Using EditorConfig core...
kittanaiyam/workshop/workshop3.py: Using EditorConfig core...
kittanaiyam/workshop/workshop3.py: Using EditorConfig core...
kittanaiyam/workshop/workshop3.py: Using EditorConfig core...
kittanaiyam/workshop/workshop3.py: Using EditorConfig core...
kittanaiyam/workshop/workshop3.py: Using EditorConfig core...
kittanaiyam/workshop/workshop3.py: Using EditorConfig core...
kittanaiyam/workshop/workshop3.py: {}
kittanaiyam/workshop/workshop3.py: Using EditorConfig core...
kittanaiyam/workshop/workshop3.py: Using EditorConfig core...
kittanaiyam/workshop/workshop3.py: Using EditorConfig core...
kittanaiyam/workshop/workshop3.py: Using EditorConfig core...
kittanaiyam/workshop/workshop3.py: {}
kittanaiyam/workshop/workshop3.py: Using EditorConfig core...
kittanaiyam/workshop/workshop3.py: {}
kittanaiyam/workshop/workshop3.py: {}
kittanaiyam/workshop/workshop3.py: Using EditorConfig core...
kittanaiyam/workshop/workshop3.py: Using EditorConfig core...
kittanaiyam/workshop/workshop3.py: Using EditorConfig core...
kittanaiyam/workshop/workshop3.py: Using EditorConfig core...
kittanaiyam/workshop/workshop3.py: Using EditorConfig core...
kittanaiyam/workshop/workshop3.py: Using EditorConfig core...
kittanaiyam/workshop/workshop3.py: Using EditorConfig core...
kittanaiyam/workshop/workshop3.py: Using EditorConfig core...
kittanaiyam/workshop/workshop3.py: Using EditorConfig core...
kittanaiyam/workshop/workshop3.py: Using EditorConfig core...
kittanaiyam/workshop/workshop3.py: Using EditorConfig core...
kittanaiyam/workshop/workshop3.py: Using EditorConfig core...
kittanaiyam/workshop/workshop3.py: Using EditorConfig core...
kittanaiyam/workshop/workshop3.py: Using EditorConfig core...
kittanaiyam/workshop/workshop3.py: {}
kittanaiyam/workshop/workshop3.py: {}
kittanaiyam/workshop/workshop3.py: {}
kittanaiyam/workshop/workshop3.py: Using EditorConfig core...
kittanaiyam/workshop/workshop3.py: Using EditorConfig core...
kittanaiyam/workshop/workshop3.py: Using EditorConfig core...
kittanaiyam/workshop/workshop3.py: Using EditorConfig core...
kittanaiyam/workshop/workshop3.py: Using EditorConfig core...
kittanaiyam/workshop/workshop3.py: Using EditorConfig core...
kittanaiyam/workshop/workshop3.py: Using EditorConfig core...
kittanaiyam/workshop/workshop3.py: Using EditorConfig core...
kittanaiyam/workshop/workshop3.py: Using EditorConfig core...
kittanaiyam/workshop/workshop3.py: Using EditorConfig core...
kittanaiyam/workshop/workshop3.py: Using EditorConfig core...
kittanaiyam/workshop/workshop3.py: Using EditorConfig core...
kittanaiyam/workshop/workshop3.py: {}
kittanaiyam/workshop/workshop3.py: Using EditorConfig core...
kittanaiyam/workshop/workshop3.py: {}
kittanaiyam/workshop/workshop3.py: {}
kittanaiyam/workshop/workshop3.py: Using EditorConfig core...
kittanaiyam/workshop/workshop3.py: Using EditorConfig core...
kittanaiyam/workshop/workshop3.py: Using EditorConfig core...
kittanaiyam/workshop/workshop3.py: {}
kittanaiyam/workshop/workshop3.py: {}
kittanaiyam/workshop/workshop3.py: Using EditorConfig core...
kittanaiyam/workshop/workshop3.py: {}
kittanaiyam/workshop/workshop3.py: {}
kittanaiyam/workshop/workshop3.py: Using EditorConfig core...
kittanaiyam/workshop/workshop3.py: Using EditorConfig core...
kittanaiyam/workshop/workshop3.py: Using EditorConfig core...
kittanaiyam/workshop/workshop3.py: Using EditorConfig core...
kittanaiyam/workshop/workshop3.py: Using EditorConfig core...
kittanaiyam/workshop/workshop3.py: Using EditorConfig core...
kittanaiyam/workshop/workshop3.py: {}
kittanaiyam/workshop/workshop3.py: Using EditorConfig core...
kittanaiyam/workshop/workshop3.py: Using EditorConfig core...
kittanaiyam/workshop/workshop3.py: Using EditorConfig core...
kittanaiyam/workshop/workshop3.py: Using EditorConfig core...
kittanaiyam/workshop/workshop3.py: Using EditorConfig core...
kittanaiyam/workshop/workshop3.py: {}
kittanaiyam/workshop/workshop3.py: Using EditorConfig core...
kittanaiyam/workshop/workshop3.py: Using EditorConfig core...
kittanaiyam/workshop/workshop3.py: {}
kittanaiyam/workshop/workshop3.py: Using EditorConfig core...
kittanaiyam/workshop/workshop3.py: {}
kittanaiyam/workshop/workshop3.py: Using EditorConfig core...
kittanaiyam/workshop/workshop3.py: Using EditorConfig core...
kittanaiyam/workshop/workshop3.py: {}
kittanaiyam/workshop/workshop3.py: Using EditorConfig core...
kittanaiyam/workshop/workshop3.py: Using EditorConfig core...
kittanaiyam/workshop/workshop3.py: Using EditorConfig core...
kittanaiyam/workshop/workshop3.py: Using EditorConfig core...
kittanaiyam/workshop/workshop3.py: Using EditorConfig core...
kittanaiyam/workshop/workshop3.py: Using EditorConfig core...
kittanaiyam/workshop/workshop3.py: Using EditorConfig core...
kittanaiyam/workshop/workshop3.py: Using EditorConfig core...
kittanaiyam/workshop/workshop3.py: Using EditorConfig core...
kittanaiyam/workshop/workshop3.py: Using EditorConfig core...
kittanaiyam/workshop/workshop3.py: Using EditorConfig core...
kittanaiyam/workshop/workshop3.py: Using EditorConfig core...
kittanaiyam/workshop/workshop3.py: Using EditorConfig core...
kittanaiyam/workshop/workshop3.py: Using EditorConfig core...
kittanaiyam/workshop/workshop3.py: Using EditorConfig core...
kittanaiyam/workshop/workshop3.py: Using EditorConfig core...
kittanaiyam/workshop/workshop3.py: Using EditorConfig core...
kittanaiyam/workshop/workshop3.py: Using EditorConfig core...
kittanaiyam/workshop/workshop3.py: Using EditorConfig core...
kittanaiyam/workshop/workshop3.py: Using EditorConfig core...
kittanaiyam/workshop/workshop3.py: Using EditorConfig core...
kittanaiyam/workshop/workshop3.py: Using EditorConfig core...
kittanaiyam/workshop/workshop3.py: Using EditorConfig core...
kittanaiyam/workshop/workshop3.py: Using EditorConfig core...
kittanaiyam/workshop/workshop3.py: Using EditorConfig core...
kittanaiyam/workshop/workshop3.py: Using EditorConfig core...
kittanaiyam/workshop/workshop3.py: Using EditorConfig core...
kittanaiyam/workshop/workshop3.py: Using EditorConfig core...
kittanaiyam/workshop/workshop3.py: Using EditorConfig core...
kittanaiyam/workshop/workshop3.py: Using EditorConfig core...
kittanaiyam/workshop/workshop3.py: Using EditorConfig core...
kittanaiyam/workshop/workshop3.py: Using EditorConfig core...
kittanaiyam/workshop/workshop3.py: {}
kittanaiyam/workshop/workshop3.py: Using EditorConfig core...
kittanaiyam/workshop/workshop3.py: Using EditorConfig core...
kittanaiyam/workshop/workshop3.py: Using EditorConfig core...
kittanaiyam/workshop/workshop3.py: Using EditorConfig core...
kittanaiyam/workshop/workshop3.py: Using EditorConfig core...
kittanaiyam/workshop/workshop3.py: Using EditorConfig core...
kittanaiyam/workshop/workshop3.py: Using EditorConfig core...
kittanaiyam/workshop/workshop3.py: Using EditorConfig core...
kittanaiyam/workshop/workshop3.py: {}
kittanaiyam/workshop/workshop3.py: Using EditorConfig core...
kittanaiyam/workshop/workshop3.py: Using EditorConfig core...
kittanaiyam/workshop/workshop3.py: Using EditorConfig core...
kittanaiyam/workshop/workshop3.py: Using EditorConfig core...
kittanaiyam/workshop/workshop3.py: Using EditorConfig core...
kittanaiyam/workshop/workshop3.py: Using EditorConfig core...
kittanaiyam/workshop/workshop3.py: {}
kittanaiyam/workshop/workshop3.py: Using EditorConfig core...
kittanaiyam/workshop/workshop3.py: {}
kittanaiyam/workshop/workshop3.py: {}
