2024-07-25 12:46:17.600 [info] Log level: Info
2024-07-25 12:46:17.600 [info] Validating found git in: "git"
2024-07-25 12:46:17.600 [info] Using git "2.34.1" from "git"
2024-07-25 12:46:17.600 [info] > git rev-parse --show-toplevel [319ms]
2024-07-25 12:46:17.600 [info] fatal: not a git repository (or any parent up to mount point /)
Stopping at filesystem boundary (GIT_DISCOVERY_ACROSS_FILESYSTEM not set).
2024-07-25 12:46:17.600 [info] > git rev-parse --show-toplevel [49ms]
2024-07-25 12:46:17.600 [info] fatal: not a git repository (or any parent up to mount point /)
Stopping at filesystem boundary (GIT_DISCOVERY_ACROSS_FILESYSTEM not set).
2024-07-25 12:46:17.600 [info] > git rev-parse --show-toplevel [3ms]
2024-07-25 12:46:17.600 [info] fatal: not a git repository (or any parent up to mount point /)
Stopping at filesystem boundary (GIT_DISCOVERY_ACROSS_FILESYSTEM not set).
2024-07-25 12:46:17.656 [info] > git rev-parse --show-toplevel [38ms]
2024-07-25 12:46:17.656 [info] fatal: not a git repository (or any parent up to mount point /)
Stopping at filesystem boundary (GIT_DISCOVERY_ACROSS_FILESYSTEM not set).
2024-07-25 12:46:17.706 [info] > git rev-parse --show-toplevel [34ms]
2024-07-25 12:46:17.706 [info] fatal: not a git repository (or any parent up to mount point /)
Stopping at filesystem boundary (GIT_DISCOVERY_ACROSS_FILESYSTEM not set).
2024-07-25 12:46:17.741 [info] > git rev-parse --show-toplevel [10ms]
2024-07-25 12:46:17.741 [info] fatal: not a git repository (or any parent up to mount point /)
Stopping at filesystem boundary (GIT_DISCOVERY_ACROSS_FILESYSTEM not set).
2024-07-25 12:46:17.768 [info] > git rev-parse --show-toplevel [4ms]
2024-07-25 12:46:17.768 [info] fatal: not a git repository (or any parent up to mount point /)
Stopping at filesystem boundary (GIT_DISCOVERY_ACROSS_FILESYSTEM not set).
2024-07-25 12:46:17.799 [info] > git rev-parse --show-toplevel [6ms]
2024-07-25 12:46:17.799 [info] fatal: not a git repository (or any parent up to mount point /)
Stopping at filesystem boundary (GIT_DISCOVERY_ACROSS_FILESYSTEM not set).
2024-07-25 12:46:17.826 [info] > git rev-parse --show-toplevel [3ms]
2024-07-25 12:46:17.826 [info] fatal: not a git repository (or any parent up to mount point /)
Stopping at filesystem boundary (GIT_DISCOVERY_ACROSS_FILESYSTEM not set).
2024-07-25 12:46:17.890 [info] > git rev-parse --show-toplevel [36ms]
2024-07-25 12:46:17.891 [info] fatal: not a git repository (or any parent up to mount point /)
Stopping at filesystem boundary (GIT_DISCOVERY_ACROSS_FILESYSTEM not set).
2024-07-25 12:58:00.389 [info] > git rev-parse --show-toplevel [2ms]
2024-07-25 12:58:00.389 [info] fatal: not a git repository (or any parent up to mount point /)
Stopping at filesystem boundary (GIT_DISCOVERY_ACROSS_FILESYSTEM not set).
2024-07-25 12:58:53.115 [info] > git rev-parse --show-toplevel [2ms]
2024-07-25 12:58:53.115 [info] fatal: not a git repository (or any parent up to mount point /)
Stopping at filesystem boundary (GIT_DISCOVERY_ACROSS_FILESYSTEM not set).
2024-07-25 12:59:01.559 [info] > git rev-parse --show-toplevel [2ms]
2024-07-25 12:59:01.559 [info] fatal: not a git repository (or any parent up to mount point /)
Stopping at filesystem boundary (GIT_DISCOVERY_ACROSS_FILESYSTEM not set).
2024-07-25 12:59:04.074 [info] > git rev-parse --show-toplevel [2ms]
2024-07-25 12:59:04.074 [info] fatal: not a git repository (or any parent up to mount point /)
Stopping at filesystem boundary (GIT_DISCOVERY_ACROSS_FILESYSTEM not set).
2024-07-25 13:02:25.345 [info] > git rev-parse --show-toplevel [3ms]
2024-07-25 13:02:25.345 [info] fatal: not a git repository (or any parent up to mount point /)
Stopping at filesystem boundary (GIT_DISCOVERY_ACROSS_FILESYSTEM not set).
