2024-09-25 07:04:40.065 [info] WARNING:pygls.protocol:Cancel notification for unknown message id "19"

2024-09-25 07:05:47.414 [info] ERROR:pygls.protocol:Failed to handle request 159 textDocument/codeAction CodeActionParams(text_document=TextDocumentIdentifier(uri='file:///home/kittanaiyam/r2de3-workshops/dags/ws4_exercise1_taskflow.py'), range=29:20-29:20, context=CodeActionContext(diagnostics=[], only=None, trigger_kind=<CodeActionTriggerKind.Automatic: 2>), work_done_token=None, partial_result_token=None)
Traceback (most recent call last):
  File "/google/devshell/editor/code-oss-for-cloud-shell/extensions/ms-python.python/python_files/lib/jedilsp/pygls/protocol.py", line 340, in _handle_request
    self._execute_request(msg_id, handler, params)
  File "/google/devshell/editor/code-oss-for-cloud-shell/extensions/ms-python.python/python_files/lib/jedilsp/pygls/protocol.py", line 264, in _execute_request
    self._send_response(msg_id, handler(params))
  File "/google/devshell/editor/code-oss-for-cloud-shell/extensions/ms-python.python/python_files/lib/jedilsp/jedi_language_server/server.py", line 580, in code_action
    extract_variable_refactoring = jedi_script.extract_variable(
  File "/google/devshell/editor/code-oss-for-cloud-shell/extensions/ms-python.python/python_files/lib/jedilsp/jedi/api/helpers.py", line 487, in wrapper
    return func(self, line, column, *args, **kwargs)
  File "/google/devshell/editor/code-oss-for-cloud-shell/extensions/ms-python.python/python_files/lib/jedilsp/jedi/api/__init__.py", line 628, in extract_variable
    return extract_variable(
  File "/google/devshell/editor/code-oss-for-cloud-shell/extensions/ms-python.python/python_files/lib/jedilsp/jedi/api/refactoring/extract.py", line 19, in extract_variable
    nodes = _find_nodes(module_node, pos, until_pos)
  File "/google/devshell/editor/code-oss-for-cloud-shell/extensions/ms-python.python/python_files/lib/jedilsp/jedi/api/refactoring/extract.py", line 87, in _find_nodes
    nodes = _remove_unwanted_expression_nodes(parent_node, pos, until_pos)
  File "/google/devshell/editor/code-oss-for-cloud-shell/extensions/ms-python.python/python_files/lib/jedilsp/jedi/api/refactoring/extract.py", line 198, in _remove_unwanted_expression_nodes
    nodes[0:1] = _remove_unwanted_expression_nodes(nodes[0], pos, until_pos)
  File "/google/devshell/editor/code-oss-for-cloud-shell/extensions/ms-python.python/python_files/lib/jedilsp/jedi/api/refactoring/extract.py", line 196, in _remove_unwanted_expression_nodes
    nodes = nodes[start_index:end_index + 1]
UnboundLocalError: local variable 'start_index' referenced before assignment

2024-09-25 07:05:47.416 [info] [Error - 7:05:47 AM] Request textDocument/codeAction failed.
2024-09-25 07:05:47.416 [info]   Message: UnboundLocalError: local variable 'start_index' referenced before assignment
  Code: -32602 
{'traceback': ['  File "/google/devshell/editor/code-oss-for-cloud-shell/extensions/ms-python.python/python_files/lib/jedilsp/pygls/protocol.py", line 340, in _handle_request\n    self._execute_request(msg_id, handler, params)\n', '  File "/google/devshell/editor/code-oss-for-cloud-shell/extensions/ms-python.python/python_files/lib/jedilsp/pygls/protocol.py", line 264, in _execute_request\n    self._send_response(msg_id, handler(params))\n', '  File "/google/devshell/editor/code-oss-for-cloud-shell/extensions/ms-python.python/python_files/lib/jedilsp/jedi_language_server/server.py", line 580, in code_action\n    extract_variable_refactoring = jedi_script.extract_variable(\n', '  File "/google/devshell/editor/code-oss-for-cloud-shell/extensions/ms-python.python/python_files/lib/jedilsp/jedi/api/helpers.py", line 487, in wrapper\n    return func(self, line, column, *args, **kwargs)\n', '  File "/google/devshell/editor/code-oss-for-cloud-shell/extensions/ms-python.python/python_files/lib/jedilsp/jedi/api/__init__.py", line 628, in extract_variable\n    return extract_variable(\n', '  File "/google/devshell/editor/code-oss-for-cloud-shell/extensions/ms-python.python/python_files/lib/jedilsp/jedi/api/refactoring/extract.py", line 19, in extract_variable\n    nodes = _find_nodes(module_node, pos, until_pos)\n', '  File "/google/devshell/editor/code-oss-for-cloud-shell/extensions/ms-python.python/python_files/lib/jedilsp/jedi/api/refactoring/extract.py", line 87, in _find_nodes\n    nodes = _remove_unwanted_expression_nodes(parent_node, pos, until_pos)\n', '  File "/google/devshell/editor/code-oss-for-cloud-shell/extensions/ms-python.python/python_files/lib/jedilsp/jedi/api/refactoring/extract.py", line 198, in _remove_unwanted_expression_nodes\n    nodes[0:1] = _remove_unwanted_expression_nodes(nodes[0], pos, until_pos)\n', '  File "/google/devshell/editor/code-oss-for-cloud-shell/extensions/ms-python.python/python_files/lib/jedilsp/jedi/api/refactoring/extract.py", line 196, in _remove_unwanted_expression_nodes\n    nodes = nodes[start_index:end_index + 1]\n']}
2024-09-25 07:05:48.096 [info] ERROR:pygls.protocol:Failed to handle request 163 textDocument/codeAction CodeActionParams(text_document=TextDocumentIdentifier(uri='file:///home/kittanaiyam/r2de3-workshops/dags/ws4_exercise1_taskflow.py'), range=29:21-29:21, context=CodeActionContext(diagnostics=[], only=None, trigger_kind=<CodeActionTriggerKind.Automatic: 2>), work_done_token=None, partial_result_token=None)
Traceback (most recent call last):
  File "/google/devshell/editor/code-oss-for-cloud-shell/extensions/ms-python.python/python_files/lib/jedilsp/pygls/protocol.py", line 340, in _handle_request
    self._execute_request(msg_id, handler, params)
  File "/google/devshell/editor/code-oss-for-cloud-shell/extensions/ms-python.python/python_files/lib/jedilsp/pygls/protocol.py", line 264, in _execute_request
    self._send_response(msg_id, handler(params))
  File "/google/devshell/editor/code-oss-for-cloud-shell/extensions/ms-python.python/python_files/lib/jedilsp/jedi_language_server/server.py", line 580, in code_action
    extract_variable_refactoring = jedi_script.extract_variable(
  File "/google/devshell/editor/code-oss-for-cloud-shell/extensions/ms-python.python/python_files/lib/jedilsp/jedi/api/helpers.py", line 487, in wrapper
    return func(self, line, column, *args, **kwargs)
  File "/google/devshell/editor/code-oss-for-cloud-shell/extensions/ms-python.python/python_files/lib/jedilsp/jedi/api/__init__.py", line 628, in extract_variable
    return extract_variable(
  File "/google/devshell/editor/code-oss-for-cloud-shell/extensions/ms-python.python/python_files/lib/jedilsp/jedi/api/refactoring/extract.py", line 19, in extract_variable
    nodes = _find_nodes(module_node, pos, until_pos)
  File "/google/devshell/editor/code-oss-for-cloud-shell/extensions/ms-python.python/python_files/lib/jedilsp/jedi/api/refactoring/extract.py", line 87, in _find_nodes
    nodes = _remove_unwanted_expression_nodes(parent_node, pos, until_pos)
  File "/google/devshell/editor/code-oss-for-cloud-shell/extensions/ms-python.python/python_files/lib/jedilsp/jedi/api/refactoring/extract.py", line 198, in _remove_unwanted_expression_nodes
    nodes[0:1] = _remove_unwanted_expression_nodes(nodes[0], pos, until_pos)
  File "/google/devshell/editor/code-oss-for-cloud-shell/extensions/ms-python.python/python_files/lib/jedilsp/jedi/api/refactoring/extract.py", line 196, in _remove_unwanted_expression_nodes
    nodes = nodes[start_index:end_index + 1]
UnboundLocalError: local variable 'start_index' referenced before assignment

2024-09-25 07:05:48.097 [info] [Error - 7:05:48 AM] Request textDocument/codeAction failed.
2024-09-25 07:05:48.097 [info]   Message: UnboundLocalError: local variable 'start_index' referenced before assignment
  Code: -32602 
{'traceback': ['  File "/google/devshell/editor/code-oss-for-cloud-shell/extensions/ms-python.python/python_files/lib/jedilsp/pygls/protocol.py", line 340, in _handle_request\n    self._execute_request(msg_id, handler, params)\n', '  File "/google/devshell/editor/code-oss-for-cloud-shell/extensions/ms-python.python/python_files/lib/jedilsp/pygls/protocol.py", line 264, in _execute_request\n    self._send_response(msg_id, handler(params))\n', '  File "/google/devshell/editor/code-oss-for-cloud-shell/extensions/ms-python.python/python_files/lib/jedilsp/jedi_language_server/server.py", line 580, in code_action\n    extract_variable_refactoring = jedi_script.extract_variable(\n', '  File "/google/devshell/editor/code-oss-for-cloud-shell/extensions/ms-python.python/python_files/lib/jedilsp/jedi/api/helpers.py", line 487, in wrapper\n    return func(self, line, column, *args, **kwargs)\n', '  File "/google/devshell/editor/code-oss-for-cloud-shell/extensions/ms-python.python/python_files/lib/jedilsp/jedi/api/__init__.py", line 628, in extract_variable\n    return extract_variable(\n', '  File "/google/devshell/editor/code-oss-for-cloud-shell/extensions/ms-python.python/python_files/lib/jedilsp/jedi/api/refactoring/extract.py", line 19, in extract_variable\n    nodes = _find_nodes(module_node, pos, until_pos)\n', '  File "/google/devshell/editor/code-oss-for-cloud-shell/extensions/ms-python.python/python_files/lib/jedilsp/jedi/api/refactoring/extract.py", line 87, in _find_nodes\n    nodes = _remove_unwanted_expression_nodes(parent_node, pos, until_pos)\n', '  File "/google/devshell/editor/code-oss-for-cloud-shell/extensions/ms-python.python/python_files/lib/jedilsp/jedi/api/refactoring/extract.py", line 198, in _remove_unwanted_expression_nodes\n    nodes[0:1] = _remove_unwanted_expression_nodes(nodes[0], pos, until_pos)\n', '  File "/google/devshell/editor/code-oss-for-cloud-shell/extensions/ms-python.python/python_files/lib/jedilsp/jedi/api/refactoring/extract.py", line 196, in _remove_unwanted_expression_nodes\n    nodes = nodes[start_index:end_index + 1]\n']}
2024-09-25 07:05:48.620 [info] ERROR:pygls.protocol:Failed to handle request 166 textDocument/codeAction CodeActionParams(text_document=TextDocumentIdentifier(uri='file:///home/kittanaiyam/r2de3-workshops/dags/ws4_exercise1_taskflow.py'), range=29:23-29:23, context=CodeActionContext(diagnostics=[], only=None, trigger_kind=<CodeActionTriggerKind.Automatic: 2>), work_done_token=None, partial_result_token=None)
Traceback (most recent call last):
  File "/google/devshell/editor/code-oss-for-cloud-shell/extensions/ms-python.python/python_files/lib/jedilsp/pygls/protocol.py", line 340, in _handle_request
    self._execute_request(msg_id, handler, params)
  File "/google/devshell/editor/code-oss-for-cloud-shell/extensions/ms-python.python/python_files/lib/jedilsp/pygls/protocol.py", line 264, in _execute_request
    self._send_response(msg_id, handler(params))
  File "/google/devshell/editor/code-oss-for-cloud-shell/extensions/ms-python.python/python_files/lib/jedilsp/jedi_language_server/server.py", line 580, in code_action
    extract_variable_refactoring = jedi_script.extract_variable(
  File "/google/devshell/editor/code-oss-for-cloud-shell/extensions/ms-python.python/python_files/lib/jedilsp/jedi/api/helpers.py", line 487, in wrapper
    return func(self, line, column, *args, **kwargs)
  File "/google/devshell/editor/code-oss-for-cloud-shell/extensions/ms-python.python/python_files/lib/jedilsp/jedi/api/__init__.py", line 628, in extract_variable
    return extract_variable(
  File "/google/devshell/editor/code-oss-for-cloud-shell/extensions/ms-python.python/python_files/lib/jedilsp/jedi/api/refactoring/extract.py", line 19, in extract_variable
    nodes = _find_nodes(module_node, pos, until_pos)
  File "/google/devshell/editor/code-oss-for-cloud-shell/extensions/ms-python.python/python_files/lib/jedilsp/jedi/api/refactoring/extract.py", line 87, in _find_nodes
    nodes = _remove_unwanted_expression_nodes(parent_node, pos, until_pos)
  File "/google/devshell/editor/code-oss-for-cloud-shell/extensions/ms-python.python/python_files/lib/jedilsp/jedi/api/refactoring/extract.py", line 198, in _remove_unwanted_expression_nodes
    nodes[0:1] = _remove_unwanted_expression_nodes(nodes[0], pos, until_pos)
  File "/google/devshell/editor/code-oss-for-cloud-shell/extensions/ms-python.python/python_files/lib/jedilsp/jedi/api/refactoring/extract.py", line 196, in _remove_unwanted_expression_nodes
    nodes = nodes[start_index:end_index + 1]
UnboundLocalError: local variable 'start_index' referenced before assignment

2024-09-25 07:05:48.620 [info] [Error - 7:05:48 AM] Request textDocument/codeAction failed.
2024-09-25 07:05:48.620 [info]   Message: UnboundLocalError: local variable 'start_index' referenced before assignment
  Code: -32602 
{'traceback': ['  File "/google/devshell/editor/code-oss-for-cloud-shell/extensions/ms-python.python/python_files/lib/jedilsp/pygls/protocol.py", line 340, in _handle_request\n    self._execute_request(msg_id, handler, params)\n', '  File "/google/devshell/editor/code-oss-for-cloud-shell/extensions/ms-python.python/python_files/lib/jedilsp/pygls/protocol.py", line 264, in _execute_request\n    self._send_response(msg_id, handler(params))\n', '  File "/google/devshell/editor/code-oss-for-cloud-shell/extensions/ms-python.python/python_files/lib/jedilsp/jedi_language_server/server.py", line 580, in code_action\n    extract_variable_refactoring = jedi_script.extract_variable(\n', '  File "/google/devshell/editor/code-oss-for-cloud-shell/extensions/ms-python.python/python_files/lib/jedilsp/jedi/api/helpers.py", line 487, in wrapper\n    return func(self, line, column, *args, **kwargs)\n', '  File "/google/devshell/editor/code-oss-for-cloud-shell/extensions/ms-python.python/python_files/lib/jedilsp/jedi/api/__init__.py", line 628, in extract_variable\n    return extract_variable(\n', '  File "/google/devshell/editor/code-oss-for-cloud-shell/extensions/ms-python.python/python_files/lib/jedilsp/jedi/api/refactoring/extract.py", line 19, in extract_variable\n    nodes = _find_nodes(module_node, pos, until_pos)\n', '  File "/google/devshell/editor/code-oss-for-cloud-shell/extensions/ms-python.python/python_files/lib/jedilsp/jedi/api/refactoring/extract.py", line 87, in _find_nodes\n    nodes = _remove_unwanted_expression_nodes(parent_node, pos, until_pos)\n', '  File "/google/devshell/editor/code-oss-for-cloud-shell/extensions/ms-python.python/python_files/lib/jedilsp/jedi/api/refactoring/extract.py", line 198, in _remove_unwanted_expression_nodes\n    nodes[0:1] = _remove_unwanted_expression_nodes(nodes[0], pos, until_pos)\n', '  File "/google/devshell/editor/code-oss-for-cloud-shell/extensions/ms-python.python/python_files/lib/jedilsp/jedi/api/refactoring/extract.py", line 196, in _remove_unwanted_expression_nodes\n    nodes = nodes[start_index:end_index + 1]\n']}
2024-09-25 07:05:49.498 [info] ERROR:pygls.protocol:Failed to handle request 170 textDocument/codeAction CodeActionParams(text_document=TextDocumentIdentifier(uri='file:///home/kittanaiyam/r2de3-workshops/dags/ws4_exercise1_taskflow.py'), range=29:27-29:27, context=CodeActionContext(diagnostics=[], only=None, trigger_kind=<CodeActionTriggerKind.Automatic: 2>), work_done_token=None, partial_result_token=None)
Traceback (most recent call last):
  File "/google/devshell/editor/code-oss-for-cloud-shell/extensions/ms-python.python/python_files/lib/jedilsp/pygls/protocol.py", line 340, in _handle_request
    self._execute_request(msg_id, handler, params)
  File "/google/devshell/editor/code-oss-for-cloud-shell/extensions/ms-python.python/python_files/lib/jedilsp/pygls/protocol.py", line 264, in _execute_request
    self._send_response(msg_id, handler(params))
  File "/google/devshell/editor/code-oss-for-cloud-shell/extensions/ms-python.python/python_files/lib/jedilsp/jedi_language_server/server.py", line 580, in code_action
    extract_variable_refactoring = jedi_script.extract_variable(
  File "/google/devshell/editor/code-oss-for-cloud-shell/extensions/ms-python.python/python_files/lib/jedilsp/jedi/api/helpers.py", line 487, in wrapper
    return func(self, line, column, *args, **kwargs)
  File "/google/devshell/editor/code-oss-for-cloud-shell/extensions/ms-python.python/python_files/lib/jedilsp/jedi/api/__init__.py", line 628, in extract_variable
    return extract_variable(
  File "/google/devshell/editor/code-oss-for-cloud-shell/extensions/ms-python.python/python_files/lib/jedilsp/jedi/api/refactoring/extract.py", line 19, in extract_variable
    nodes = _find_nodes(module_node, pos, until_pos)
  File "/google/devshell/editor/code-oss-for-cloud-shell/extensions/ms-python.python/python_files/lib/jedilsp/jedi/api/refactoring/extract.py", line 87, in _find_nodes
    nodes = _remove_unwanted_expression_nodes(parent_node, pos, until_pos)
  File "/google/devshell/editor/code-oss-for-cloud-shell/extensions/ms-python.python/python_files/lib/jedilsp/jedi/api/refactoring/extract.py", line 198, in _remove_unwanted_expression_nodes
    nodes[0:1] = _remove_unwanted_expression_nodes(nodes[0], pos, until_pos)
  File "/google/devshell/editor/code-oss-for-cloud-shell/extensions/ms-python.python/python_files/lib/jedilsp/jedi/api/refactoring/extract.py", line 196, in _remove_unwanted_expression_nodes
    nodes = nodes[start_index:end_index + 1]
UnboundLocalError: local variable 'start_index' referenced before assignment

2024-09-25 07:05:49.498 [info] [Error - 7:05:49 AM] Request textDocument/codeAction failed.
2024-09-25 07:05:49.498 [info]   Message: UnboundLocalError: local variable 'start_index' referenced before assignment
  Code: -32602 
{'traceback': ['  File "/google/devshell/editor/code-oss-for-cloud-shell/extensions/ms-python.python/python_files/lib/jedilsp/pygls/protocol.py", line 340, in _handle_request\n    self._execute_request(msg_id, handler, params)\n', '  File "/google/devshell/editor/code-oss-for-cloud-shell/extensions/ms-python.python/python_files/lib/jedilsp/pygls/protocol.py", line 264, in _execute_request\n    self._send_response(msg_id, handler(params))\n', '  File "/google/devshell/editor/code-oss-for-cloud-shell/extensions/ms-python.python/python_files/lib/jedilsp/jedi_language_server/server.py", line 580, in code_action\n    extract_variable_refactoring = jedi_script.extract_variable(\n', '  File "/google/devshell/editor/code-oss-for-cloud-shell/extensions/ms-python.python/python_files/lib/jedilsp/jedi/api/helpers.py", line 487, in wrapper\n    return func(self, line, column, *args, **kwargs)\n', '  File "/google/devshell/editor/code-oss-for-cloud-shell/extensions/ms-python.python/python_files/lib/jedilsp/jedi/api/__init__.py", line 628, in extract_variable\n    return extract_variable(\n', '  File "/google/devshell/editor/code-oss-for-cloud-shell/extensions/ms-python.python/python_files/lib/jedilsp/jedi/api/refactoring/extract.py", line 19, in extract_variable\n    nodes = _find_nodes(module_node, pos, until_pos)\n', '  File "/google/devshell/editor/code-oss-for-cloud-shell/extensions/ms-python.python/python_files/lib/jedilsp/jedi/api/refactoring/extract.py", line 87, in _find_nodes\n    nodes = _remove_unwanted_expression_nodes(parent_node, pos, until_pos)\n', '  File "/google/devshell/editor/code-oss-for-cloud-shell/extensions/ms-python.python/python_files/lib/jedilsp/jedi/api/refactoring/extract.py", line 198, in _remove_unwanted_expression_nodes\n    nodes[0:1] = _remove_unwanted_expression_nodes(nodes[0], pos, until_pos)\n', '  File "/google/devshell/editor/code-oss-for-cloud-shell/extensions/ms-python.python/python_files/lib/jedilsp/jedi/api/refactoring/extract.py", line 196, in _remove_unwanted_expression_nodes\n    nodes = nodes[start_index:end_index + 1]\n']}
2024-09-25 07:05:51.244 [info] ERROR:pygls.protocol:Failed to handle request 180 textDocument/codeAction CodeActionParams(text_document=TextDocumentIdentifier(uri='file:///home/kittanaiyam/r2de3-workshops/dags/ws4_exercise1_taskflow.py'), range=29:31-29:31, context=CodeActionContext(diagnostics=[], only=None, trigger_kind=<CodeActionTriggerKind.Automatic: 2>), work_done_token=None, partial_result_token=None)
Traceback (most recent call last):
  File "/google/devshell/editor/code-oss-for-cloud-shell/extensions/ms-python.python/python_files/lib/jedilsp/pygls/protocol.py", line 340, in _handle_request
    self._execute_request(msg_id, handler, params)
  File "/google/devshell/editor/code-oss-for-cloud-shell/extensions/ms-python.python/python_files/lib/jedilsp/pygls/protocol.py", line 264, in _execute_request
    self._send_response(msg_id, handler(params))
  File "/google/devshell/editor/code-oss-for-cloud-shell/extensions/ms-python.python/python_files/lib/jedilsp/jedi_language_server/server.py", line 580, in code_action
    extract_variable_refactoring = jedi_script.extract_variable(
  File "/google/devshell/editor/code-oss-for-cloud-shell/extensions/ms-python.python/python_files/lib/jedilsp/jedi/api/helpers.py", line 487, in wrapper
    return func(self, line, column, *args, **kwargs)
  File "/google/devshell/editor/code-oss-for-cloud-shell/extensions/ms-python.python/python_files/lib/jedilsp/jedi/api/__init__.py", line 628, in extract_variable
    return extract_variable(
  File "/google/devshell/editor/code-oss-for-cloud-shell/extensions/ms-python.python/python_files/lib/jedilsp/jedi/api/refactoring/extract.py", line 19, in extract_variable
    nodes = _find_nodes(module_node, pos, until_pos)
  File "/google/devshell/editor/code-oss-for-cloud-shell/extensions/ms-python.python/python_files/lib/jedilsp/jedi/api/refactoring/extract.py", line 87, in _find_nodes
    nodes = _remove_unwanted_expression_nodes(parent_node, pos, until_pos)
  File "/google/devshell/editor/code-oss-for-cloud-shell/extensions/ms-python.python/python_files/lib/jedilsp/jedi/api/refactoring/extract.py", line 198, in _remove_unwanted_expression_nodes
    nodes[0:1] = _remove_unwanted_expression_nodes(nodes[0], pos, until_pos)
  File "/google/devshell/editor/code-oss-for-cloud-shell/extensions/ms-python.python/python_files/lib/jedilsp/jedi/api/refactoring/extract.py", line 196, in _remove_unwanted_expression_nodes
    nodes = nodes[start_index:end_index + 1]
UnboundLocalError: local variable 'start_index' referenced before assignment

2024-09-25 07:05:51.244 [info] [Error - 7:05:51 AM] Request textDocument/codeAction failed.
2024-09-25 07:05:51.244 [info]   Message: UnboundLocalError: local variable 'start_index' referenced before assignment
  Code: -32602 
{'traceback': ['  File "/google/devshell/editor/code-oss-for-cloud-shell/extensions/ms-python.python/python_files/lib/jedilsp/pygls/protocol.py", line 340, in _handle_request\n    self._execute_request(msg_id, handler, params)\n', '  File "/google/devshell/editor/code-oss-for-cloud-shell/extensions/ms-python.python/python_files/lib/jedilsp/pygls/protocol.py", line 264, in _execute_request\n    self._send_response(msg_id, handler(params))\n', '  File "/google/devshell/editor/code-oss-for-cloud-shell/extensions/ms-python.python/python_files/lib/jedilsp/jedi_language_server/server.py", line 580, in code_action\n    extract_variable_refactoring = jedi_script.extract_variable(\n', '  File "/google/devshell/editor/code-oss-for-cloud-shell/extensions/ms-python.python/python_files/lib/jedilsp/jedi/api/helpers.py", line 487, in wrapper\n    return func(self, line, column, *args, **kwargs)\n', '  File "/google/devshell/editor/code-oss-for-cloud-shell/extensions/ms-python.python/python_files/lib/jedilsp/jedi/api/__init__.py", line 628, in extract_variable\n    return extract_variable(\n', '  File "/google/devshell/editor/code-oss-for-cloud-shell/extensions/ms-python.python/python_files/lib/jedilsp/jedi/api/refactoring/extract.py", line 19, in extract_variable\n    nodes = _find_nodes(module_node, pos, until_pos)\n', '  File "/google/devshell/editor/code-oss-for-cloud-shell/extensions/ms-python.python/python_files/lib/jedilsp/jedi/api/refactoring/extract.py", line 87, in _find_nodes\n    nodes = _remove_unwanted_expression_nodes(parent_node, pos, until_pos)\n', '  File "/google/devshell/editor/code-oss-for-cloud-shell/extensions/ms-python.python/python_files/lib/jedilsp/jedi/api/refactoring/extract.py", line 198, in _remove_unwanted_expression_nodes\n    nodes[0:1] = _remove_unwanted_expression_nodes(nodes[0], pos, until_pos)\n', '  File "/google/devshell/editor/code-oss-for-cloud-shell/extensions/ms-python.python/python_files/lib/jedilsp/jedi/api/refactoring/extract.py", line 196, in _remove_unwanted_expression_nodes\n    nodes = nodes[start_index:end_index + 1]\n']}
2024-09-25 07:05:51.826 [info] ERROR:pygls.protocol:Failed to handle request 185 textDocument/codeAction CodeActionParams(text_document=TextDocumentIdentifier(uri='file:///home/kittanaiyam/r2de3-workshops/dags/ws4_exercise1_taskflow.py'), range=29:33-29:33, context=CodeActionContext(diagnostics=[], only=None, trigger_kind=<CodeActionTriggerKind.Automatic: 2>), work_done_token=None, partial_result_token=None)
Traceback (most recent call last):
  File "/google/devshell/editor/code-oss-for-cloud-shell/extensions/ms-python.python/python_files/lib/jedilsp/pygls/protocol.py", line 340, in _handle_request
    self._execute_request(msg_id, handler, params)
  File "/google/devshell/editor/code-oss-for-cloud-shell/extensions/ms-python.python/python_files/lib/jedilsp/pygls/protocol.py", line 264, in _execute_request
    self._send_response(msg_id, handler(params))
  File "/google/devshell/editor/code-oss-for-cloud-shell/extensions/ms-python.python/python_files/lib/jedilsp/jedi_language_server/server.py", line 580, in code_action
    extract_variable_refactoring = jedi_script.extract_variable(
  File "/google/devshell/editor/code-oss-for-cloud-shell/extensions/ms-python.python/python_files/lib/jedilsp/jedi/api/helpers.py", line 487, in wrapper
    return func(self, line, column, *args, **kwargs)
  File "/google/devshell/editor/code-oss-for-cloud-shell/extensions/ms-python.python/python_files/lib/jedilsp/jedi/api/__init__.py", line 628, in extract_variable
    return extract_variable(
  File "/google/devshell/editor/code-oss-for-cloud-shell/extensions/ms-python.python/python_files/lib/jedilsp/jedi/api/refactoring/extract.py", line 19, in extract_variable
    nodes = _find_nodes(module_node, pos, until_pos)
  File "/google/devshell/editor/code-oss-for-cloud-shell/extensions/ms-python.python/python_files/lib/jedilsp/jedi/api/refactoring/extract.py", line 87, in _find_nodes
    nodes = _remove_unwanted_expression_nodes(parent_node, pos, until_pos)
  File "/google/devshell/editor/code-oss-for-cloud-shell/extensions/ms-python.python/python_files/lib/jedilsp/jedi/api/refactoring/extract.py", line 198, in _remove_unwanted_expression_nodes
    nodes[0:1] = _remove_unwanted_expression_nodes(nodes[0], pos, until_pos)
  File "/google/devshell/editor/code-oss-for-cloud-shell/extensions/ms-python.python/python_files/lib/jedilsp/jedi/api/refactoring/extract.py", line 196, in _remove_unwanted_expression_nodes
    nodes = nodes[start_index:end_index + 1]
UnboundLocalError: local variable 'start_index' referenced before assignment

2024-09-25 07:05:51.827 [info] [Error - 7:05:51 AM] Request textDocument/codeAction failed.
2024-09-25 07:05:51.827 [info]   Message: UnboundLocalError: local variable 'start_index' referenced before assignment
  Code: -32602 
{'traceback': ['  File "/google/devshell/editor/code-oss-for-cloud-shell/extensions/ms-python.python/python_files/lib/jedilsp/pygls/protocol.py", line 340, in _handle_request\n    self._execute_request(msg_id, handler, params)\n', '  File "/google/devshell/editor/code-oss-for-cloud-shell/extensions/ms-python.python/python_files/lib/jedilsp/pygls/protocol.py", line 264, in _execute_request\n    self._send_response(msg_id, handler(params))\n', '  File "/google/devshell/editor/code-oss-for-cloud-shell/extensions/ms-python.python/python_files/lib/jedilsp/jedi_language_server/server.py", line 580, in code_action\n    extract_variable_refactoring = jedi_script.extract_variable(\n', '  File "/google/devshell/editor/code-oss-for-cloud-shell/extensions/ms-python.python/python_files/lib/jedilsp/jedi/api/helpers.py", line 487, in wrapper\n    return func(self, line, column, *args, **kwargs)\n', '  File "/google/devshell/editor/code-oss-for-cloud-shell/extensions/ms-python.python/python_files/lib/jedilsp/jedi/api/__init__.py", line 628, in extract_variable\n    return extract_variable(\n', '  File "/google/devshell/editor/code-oss-for-cloud-shell/extensions/ms-python.python/python_files/lib/jedilsp/jedi/api/refactoring/extract.py", line 19, in extract_variable\n    nodes = _find_nodes(module_node, pos, until_pos)\n', '  File "/google/devshell/editor/code-oss-for-cloud-shell/extensions/ms-python.python/python_files/lib/jedilsp/jedi/api/refactoring/extract.py", line 87, in _find_nodes\n    nodes = _remove_unwanted_expression_nodes(parent_node, pos, until_pos)\n', '  File "/google/devshell/editor/code-oss-for-cloud-shell/extensions/ms-python.python/python_files/lib/jedilsp/jedi/api/refactoring/extract.py", line 198, in _remove_unwanted_expression_nodes\n    nodes[0:1] = _remove_unwanted_expression_nodes(nodes[0], pos, until_pos)\n', '  File "/google/devshell/editor/code-oss-for-cloud-shell/extensions/ms-python.python/python_files/lib/jedilsp/jedi/api/refactoring/extract.py", line 196, in _remove_unwanted_expression_nodes\n    nodes = nodes[start_index:end_index + 1]\n']}
2024-09-25 07:05:52.906 [info] ERROR:pygls.protocol:Failed to handle request 190 textDocument/codeAction CodeActionParams(text_document=TextDocumentIdentifier(uri='file:///home/kittanaiyam/r2de3-workshops/dags/ws4_exercise1_taskflow.py'), range=29:33-29:33, context=CodeActionContext(diagnostics=[], only=None, trigger_kind=<CodeActionTriggerKind.Automatic: 2>), work_done_token=None, partial_result_token=None)
Traceback (most recent call last):
  File "/google/devshell/editor/code-oss-for-cloud-shell/extensions/ms-python.python/python_files/lib/jedilsp/pygls/protocol.py", line 340, in _handle_request
    self._execute_request(msg_id, handler, params)
  File "/google/devshell/editor/code-oss-for-cloud-shell/extensions/ms-python.python/python_files/lib/jedilsp/pygls/protocol.py", line 264, in _execute_request
    self._send_response(msg_id, handler(params))
  File "/google/devshell/editor/code-oss-for-cloud-shell/extensions/ms-python.python/python_files/lib/jedilsp/jedi_language_server/server.py", line 580, in code_action
    extract_variable_refactoring = jedi_script.extract_variable(
  File "/google/devshell/editor/code-oss-for-cloud-shell/extensions/ms-python.python/python_files/lib/jedilsp/jedi/api/helpers.py", line 487, in wrapper
    return func(self, line, column, *args, **kwargs)
  File "/google/devshell/editor/code-oss-for-cloud-shell/extensions/ms-python.python/python_files/lib/jedilsp/jedi/api/__init__.py", line 628, in extract_variable
    return extract_variable(
  File "/google/devshell/editor/code-oss-for-cloud-shell/extensions/ms-python.python/python_files/lib/jedilsp/jedi/api/refactoring/extract.py", line 19, in extract_variable
    nodes = _find_nodes(module_node, pos, until_pos)
  File "/google/devshell/editor/code-oss-for-cloud-shell/extensions/ms-python.python/python_files/lib/jedilsp/jedi/api/refactoring/extract.py", line 87, in _find_nodes
    nodes = _remove_unwanted_expression_nodes(parent_node, pos, until_pos)
  File "/google/devshell/editor/code-oss-for-cloud-shell/extensions/ms-python.python/python_files/lib/jedilsp/jedi/api/refactoring/extract.py", line 198, in _remove_unwanted_expression_nodes
    nodes[0:1] = _remove_unwanted_expression_nodes(nodes[0], pos, until_pos)
  File "/google/devshell/editor/code-oss-for-cloud-shell/extensions/ms-python.python/python_files/lib/jedilsp/jedi/api/refactoring/extract.py", line 196, in _remove_unwanted_expression_nodes
    nodes = nodes[start_index:end_index + 1]
UnboundLocalError: local variable 'start_index' referenced before assignment

2024-09-25 07:05:52.907 [info] [Error - 7:05:52 AM] Request textDocument/codeAction failed.
2024-09-25 07:05:52.907 [info]   Message: UnboundLocalError: local variable 'start_index' referenced before assignment
  Code: -32602 
{'traceback': ['  File "/google/devshell/editor/code-oss-for-cloud-shell/extensions/ms-python.python/python_files/lib/jedilsp/pygls/protocol.py", line 340, in _handle_request\n    self._execute_request(msg_id, handler, params)\n', '  File "/google/devshell/editor/code-oss-for-cloud-shell/extensions/ms-python.python/python_files/lib/jedilsp/pygls/protocol.py", line 264, in _execute_request\n    self._send_response(msg_id, handler(params))\n', '  File "/google/devshell/editor/code-oss-for-cloud-shell/extensions/ms-python.python/python_files/lib/jedilsp/jedi_language_server/server.py", line 580, in code_action\n    extract_variable_refactoring = jedi_script.extract_variable(\n', '  File "/google/devshell/editor/code-oss-for-cloud-shell/extensions/ms-python.python/python_files/lib/jedilsp/jedi/api/helpers.py", line 487, in wrapper\n    return func(self, line, column, *args, **kwargs)\n', '  File "/google/devshell/editor/code-oss-for-cloud-shell/extensions/ms-python.python/python_files/lib/jedilsp/jedi/api/__init__.py", line 628, in extract_variable\n    return extract_variable(\n', '  File "/google/devshell/editor/code-oss-for-cloud-shell/extensions/ms-python.python/python_files/lib/jedilsp/jedi/api/refactoring/extract.py", line 19, in extract_variable\n    nodes = _find_nodes(module_node, pos, until_pos)\n', '  File "/google/devshell/editor/code-oss-for-cloud-shell/extensions/ms-python.python/python_files/lib/jedilsp/jedi/api/refactoring/extract.py", line 87, in _find_nodes\n    nodes = _remove_unwanted_expression_nodes(parent_node, pos, until_pos)\n', '  File "/google/devshell/editor/code-oss-for-cloud-shell/extensions/ms-python.python/python_files/lib/jedilsp/jedi/api/refactoring/extract.py", line 198, in _remove_unwanted_expression_nodes\n    nodes[0:1] = _remove_unwanted_expression_nodes(nodes[0], pos, until_pos)\n', '  File "/google/devshell/editor/code-oss-for-cloud-shell/extensions/ms-python.python/python_files/lib/jedilsp/jedi/api/refactoring/extract.py", line 196, in _remove_unwanted_expression_nodes\n    nodes = nodes[start_index:end_index + 1]\n']}
2024-09-25 07:09:50.423 [info] ERROR:pygls.protocol:Failed to handle request 295 textDocument/codeAction CodeActionParams(text_document=TextDocumentIdentifier(uri='file:///home/kittanaiyam/r2de3-workshops/dags/ws4_exercise2_taskflow.py'), range=38:8-38:8, context=CodeActionContext(diagnostics=[], only=None, trigger_kind=<CodeActionTriggerKind.Automatic: 2>), work_done_token=None, partial_result_token=None)
Traceback (most recent call last):
  File "/google/devshell/editor/code-oss-for-cloud-shell/extensions/ms-python.python/python_files/lib/jedilsp/pygls/protocol.py", line 340, in _handle_request
    self._execute_request(msg_id, handler, params)
  File "/google/devshell/editor/code-oss-for-cloud-shell/extensions/ms-python.python/python_files/lib/jedilsp/pygls/protocol.py", line 264, in _execute_request
    self._send_response(msg_id, handler(params))
  File "/google/devshell/editor/code-oss-for-cloud-shell/extensions/ms-python.python/python_files/lib/jedilsp/jedi_language_server/server.py", line 580, in code_action
    extract_variable_refactoring = jedi_script.extract_variable(
  File "/google/devshell/editor/code-oss-for-cloud-shell/extensions/ms-python.python/python_files/lib/jedilsp/jedi/api/helpers.py", line 487, in wrapper
    return func(self, line, column, *args, **kwargs)
  File "/google/devshell/editor/code-oss-for-cloud-shell/extensions/ms-python.python/python_files/lib/jedilsp/jedi/api/__init__.py", line 628, in extract_variable
    return extract_variable(
  File "/google/devshell/editor/code-oss-for-cloud-shell/extensions/ms-python.python/python_files/lib/jedilsp/jedi/api/refactoring/extract.py", line 19, in extract_variable
    nodes = _find_nodes(module_node, pos, until_pos)
  File "/google/devshell/editor/code-oss-for-cloud-shell/extensions/ms-python.python/python_files/lib/jedilsp/jedi/api/refactoring/extract.py", line 87, in _find_nodes
    nodes = _remove_unwanted_expression_nodes(parent_node, pos, until_pos)
  File "/google/devshell/editor/code-oss-for-cloud-shell/extensions/ms-python.python/python_files/lib/jedilsp/jedi/api/refactoring/extract.py", line 199, in _remove_unwanted_expression_nodes
    nodes[-1:] = _remove_unwanted_expression_nodes(nodes[-1], pos, until_pos)
  File "/google/devshell/editor/code-oss-for-cloud-shell/extensions/ms-python.python/python_files/lib/jedilsp/jedi/api/refactoring/extract.py", line 196, in _remove_unwanted_expression_nodes
    nodes = nodes[start_index:end_index + 1]
UnboundLocalError: local variable 'end_index' referenced before assignment

2024-09-25 07:09:50.423 [info] [Error - 7:09:50 AM] Request textDocument/codeAction failed.
2024-09-25 07:09:50.423 [info]   Message: UnboundLocalError: local variable 'end_index' referenced before assignment
  Code: -32602 
{'traceback': ['  File "/google/devshell/editor/code-oss-for-cloud-shell/extensions/ms-python.python/python_files/lib/jedilsp/pygls/protocol.py", line 340, in _handle_request\n    self._execute_request(msg_id, handler, params)\n', '  File "/google/devshell/editor/code-oss-for-cloud-shell/extensions/ms-python.python/python_files/lib/jedilsp/pygls/protocol.py", line 264, in _execute_request\n    self._send_response(msg_id, handler(params))\n', '  File "/google/devshell/editor/code-oss-for-cloud-shell/extensions/ms-python.python/python_files/lib/jedilsp/jedi_language_server/server.py", line 580, in code_action\n    extract_variable_refactoring = jedi_script.extract_variable(\n', '  File "/google/devshell/editor/code-oss-for-cloud-shell/extensions/ms-python.python/python_files/lib/jedilsp/jedi/api/helpers.py", line 487, in wrapper\n    return func(self, line, column, *args, **kwargs)\n', '  File "/google/devshell/editor/code-oss-for-cloud-shell/extensions/ms-python.python/python_files/lib/jedilsp/jedi/api/__init__.py", line 628, in extract_variable\n    return extract_variable(\n', '  File "/google/devshell/editor/code-oss-for-cloud-shell/extensions/ms-python.python/python_files/lib/jedilsp/jedi/api/refactoring/extract.py", line 19, in extract_variable\n    nodes = _find_nodes(module_node, pos, until_pos)\n', '  File "/google/devshell/editor/code-oss-for-cloud-shell/extensions/ms-python.python/python_files/lib/jedilsp/jedi/api/refactoring/extract.py", line 87, in _find_nodes\n    nodes = _remove_unwanted_expression_nodes(parent_node, pos, until_pos)\n', '  File "/google/devshell/editor/code-oss-for-cloud-shell/extensions/ms-python.python/python_files/lib/jedilsp/jedi/api/refactoring/extract.py", line 199, in _remove_unwanted_expression_nodes\n    nodes[-1:] = _remove_unwanted_expression_nodes(nodes[-1], pos, until_pos)\n', '  File "/google/devshell/editor/code-oss-for-cloud-shell/extensions/ms-python.python/python_files/lib/jedilsp/jedi/api/refactoring/extract.py", line 196, in _remove_unwanted_expression_nodes\n    nodes = nodes[start_index:end_index + 1]\n']}
2024-09-25 07:09:50.424 [info] WARNING:pygls.protocol:Cancel notification for unknown message id "295"

2024-09-25 07:15:55.904 [info] WARNING:pygls.protocol:Cancel notification for unknown message id "363"

2024-09-25 07:28:54.900 [info] WARNING:pygls.protocol:Cancel notification for unknown message id "635"

2024-09-25 07:29:12.329 [info] WARNING:pygls.protocol:Cancel notification for unknown message id "678"

