2024-09-25 06:36:11.098 [info] Default formatter is set to null for workspace /home/kittanaiyam
2024-09-25 06:36:11.098 [info] Test server listening.
2024-09-25 06:36:11.098 [info] Python interpreter path: /bin/python
2024-09-25 06:36:11.311 [info] > pyenv which python
2024-09-25 06:36:11.311 [info] cwd: .
2024-09-25 06:36:12.398 [info] Starting Jedi language server for kittanaiyam.
2024-09-25 07:05:08.142 [info] Discover tests for workspace name: kittanaiyam - uri: /home/kittanaiyam/r2de3-workshops/dags/ws4_exercise1_taskflow.py
2024-09-25 07:05:11.205 [info] Discover tests for workspace name: kittanaiyam - uri: /home/kittanaiyam/r2de3-workshops/dags/ws4_exercise1_taskflow.py
2024-09-25 07:05:35.861 [info] Discover tests for workspace name: kittanaiyam - uri: /home/kittanaiyam/r2de3-workshops/dags/ws4_exercise1_taskflow.py
2024-09-25 07:05:44.681 [info] Discover tests for workspace name: kittanaiyam - uri: /home/kittanaiyam/r2de3-workshops/dags/ws4_exercise1_taskflow.py
2024-09-25 07:05:51.171 [info] Discover tests for workspace name: kittanaiyam - uri: /home/kittanaiyam/r2de3-workshops/dags/ws4_exercise1_taskflow.py
2024-09-25 07:05:53.184 [info] Discover tests for workspace name: kittanaiyam - uri: /home/kittanaiyam/r2de3-workshops/dags/ws4_exercise1_taskflow.py
2024-09-25 07:05:54.720 [info] Discover tests for workspace name: kittanaiyam - uri: /home/kittanaiyam/r2de3-workshops/dags/ws4_exercise1_taskflow.py
2024-09-25 07:05:58.660 [info] Discover tests for workspace name: kittanaiyam - uri: /home/kittanaiyam/r2de3-workshops/dags/ws4_exercise1_taskflow.py
2024-09-25 07:06:23.641 [info] Discover tests for workspace name: kittanaiyam - uri: /home/kittanaiyam/r2de3-workshops/dags/ws4_exercise1_taskflow.py
2024-09-25 07:06:49.135 [info] Discover tests for workspace name: kittanaiyam - uri: /home/kittanaiyam/r2de3-workshops/dags/ws4_exercise1_taskflow.py
2024-09-25 07:07:21.785 [info] Discover tests for workspace name: kittanaiyam - uri: /home/kittanaiyam/r2de3-workshops/dags/ws4_exercise1_taskflow.py
2024-09-25 07:07:22.940 [info] Discover tests for workspace name: kittanaiyam - uri: /home/kittanaiyam/r2de3-workshops/dags/ws4_exercise1_taskflow.py
2024-09-25 07:07:24.710 [info] Discover tests for workspace name: kittanaiyam - uri: /home/kittanaiyam/r2de3-workshops/dags/ws4_exercise1_taskflow.py
2024-09-25 07:09:50.455 [info] Discover tests for workspace name: kittanaiyam - uri: /home/kittanaiyam/r2de3-workshops/dags/ws4_exercise2_taskflow.py
2024-09-25 07:09:51.199 [info] Discover tests for workspace name: kittanaiyam - uri: /home/kittanaiyam/r2de3-workshops/dags/ws4_exercise2_taskflow.py
2024-09-25 07:09:51.945 [info] Discover tests for workspace name: kittanaiyam - uri: /home/kittanaiyam/r2de3-workshops/dags/ws4_exercise2_taskflow.py
2024-09-25 07:10:25.270 [info] Discover tests for workspace name: kittanaiyam - uri: /home/kittanaiyam/r2de3-workshops/dags/ws4_exercise2_taskflow.py
2024-09-25 07:10:25.585 [info] Discover tests for workspace name: kittanaiyam - uri: /home/kittanaiyam/r2de3-workshops/dags/ws4_exercise2_taskflow.py
2024-09-25 07:15:25.215 [info] Discover tests for workspace name: kittanaiyam - uri: /home/kittanaiyam/r2de3-workshops/dags/ws4_exercise1_taskflow.py
2024-09-25 07:15:54.151 [info] Discover tests for workspace name: kittanaiyam - uri: /home/kittanaiyam/r2de3-workshops/dags/ws4_exercise1_taskflow.py
2024-09-25 07:16:01.730 [info] Discover tests for workspace name: kittanaiyam - uri: /home/kittanaiyam/r2de3-workshops/dags/ws4_exercise1_taskflow.py
2024-09-25 07:16:07.745 [info] Discover tests for workspace name: kittanaiyam - uri: /home/kittanaiyam/r2de3-workshops/dags/ws4_exercise1_taskflow.py
2024-09-25 07:23:23.190 [info] Discover tests for workspace name: kittanaiyam - uri: /home/kittanaiyam/r2de3-workshops/dags/ws4_exercise2_taskflow.py
2024-09-25 07:23:27.281 [info] Discover tests for workspace name: kittanaiyam - uri: /home/kittanaiyam/r2de3-workshops/dags/ws4_exercise2_taskflow.py
2024-09-25 07:24:52.795 [info] Discover tests for workspace name: kittanaiyam - uri: /home/kittanaiyam/r2de3-workshops/dags/ws4_exercise2_taskflow.py
2024-09-25 07:27:19.064 [info] Discover tests for workspace name: kittanaiyam - uri: /home/kittanaiyam/r2de3-workshops/dags/ws4_exercise3.py
2024-09-25 07:27:20.680 [info] Discover tests for workspace name: kittanaiyam - uri: /home/kittanaiyam/r2de3-workshops/dags/ws4_exercise3.py
2024-09-25 07:27:24.244 [info] Discover tests for workspace name: kittanaiyam - uri: /home/kittanaiyam/r2de3-workshops/dags/ws4_exercise3.py
2024-09-25 07:27:32.115 [info] Discover tests for workspace name: kittanaiyam - uri: /home/kittanaiyam/r2de3-workshops/dags/ws4_exercise3.py
2024-09-25 07:27:34.650 [info] Discover tests for workspace name: kittanaiyam - uri: /home/kittanaiyam/r2de3-workshops/dags/ws4_exercise3.py
2024-09-25 07:27:35.695 [info] Discover tests for workspace name: kittanaiyam - uri: /home/kittanaiyam/r2de3-workshops/dags/ws4_exercise3.py
2024-09-25 07:27:37.305 [info] Discover tests for workspace name: kittanaiyam - uri: /home/kittanaiyam/r2de3-workshops/dags/ws4_exercise3.py
2024-09-25 07:27:40.780 [info] Discover tests for workspace name: kittanaiyam - uri: /home/kittanaiyam/r2de3-workshops/dags/ws4_exercise3.py
2024-09-25 07:27:42.440 [info] Discover tests for workspace name: kittanaiyam - uri: /home/kittanaiyam/r2de3-workshops/dags/ws4_exercise3.py
2024-09-25 07:27:49.585 [info] Discover tests for workspace name: kittanaiyam - uri: /home/kittanaiyam/r2de3-workshops/dags/ws4_exercise3.py
2024-09-25 07:27:50.676 [info] Discover tests for workspace name: kittanaiyam - uri: /home/kittanaiyam/r2de3-workshops/dags/ws4_exercise3.py
2024-09-25 07:27:51.865 [info] Discover tests for workspace name: kittanaiyam - uri: /home/kittanaiyam/r2de3-workshops/dags/ws4_exercise3.py
2024-09-25 07:27:53.240 [info] Discover tests for workspace name: kittanaiyam - uri: /home/kittanaiyam/r2de3-workshops/dags/ws4_exercise3.py
2024-09-25 07:27:54.440 [info] Discover tests for workspace name: kittanaiyam - uri: /home/kittanaiyam/r2de3-workshops/dags/ws4_exercise3.py
2024-09-25 07:28:40.595 [info] Discover tests for workspace name: kittanaiyam - uri: /home/kittanaiyam/r2de3-workshops/dags/ws4_exercise3.py
2024-09-25 07:28:44.975 [info] Discover tests for workspace name: kittanaiyam - uri: /home/kittanaiyam/r2de3-workshops/dags/ws4_exercise3.py
2024-09-25 07:28:48.749 [info] Discover tests for workspace name: kittanaiyam - uri: /home/kittanaiyam/r2de3-workshops/dags/ws4_exercise3.py
2024-09-25 07:28:52.336 [info] Discover tests for workspace name: kittanaiyam - uri: /home/kittanaiyam/r2de3-workshops/dags/ws4_exercise3.py
2024-09-25 07:28:58.090 [info] Discover tests for workspace name: kittanaiyam - uri: /home/kittanaiyam/r2de3-workshops/dags/ws4_exercise3.py
2024-09-25 07:29:03.770 [info] Discover tests for workspace name: kittanaiyam - uri: /home/kittanaiyam/r2de3-workshops/dags/ws4_exercise3.py
2024-09-25 07:29:10.175 [info] Discover tests for workspace name: kittanaiyam - uri: /home/kittanaiyam/r2de3-workshops/dags/ws4_exercise3.py
2024-09-25 07:29:14.020 [info] Discover tests for workspace name: kittanaiyam - uri: /home/kittanaiyam/r2de3-workshops/dags/ws4_exercise3.py
2024-09-25 07:29:16.050 [info] Discover tests for workspace name: kittanaiyam - uri: /home/kittanaiyam/r2de3-workshops/dags/ws4_exercise3.py
2024-09-25 07:29:21.715 [info] Discover tests for workspace name: kittanaiyam - uri: /home/kittanaiyam/r2de3-workshops/dags/ws4_exercise3.py
2024-09-25 07:30:04.315 [info] Discover tests for workspace name: kittanaiyam - uri: /home/kittanaiyam/r2de3-workshops/dags/ws4_exercise3.py
2024-09-25 07:30:07.050 [info] Discover tests for workspace name: kittanaiyam - uri: /home/kittanaiyam/r2de3-workshops/dags/ws4_exercise3.py
2024-09-25 07:30:08.625 [info] Discover tests for workspace name: kittanaiyam - uri: /home/kittanaiyam/r2de3-workshops/dags/ws4_exercise3.py
2024-09-25 07:32:33.490 [info] Discover tests for workspace name: kittanaiyam - uri: /home/kittanaiyam/r2de3-workshops/dags/ws4_exercise3.py
2024-09-25 07:32:38.645 [info] Discover tests for workspace name: kittanaiyam - uri: /home/kittanaiyam/r2de3-workshops/dags/ws4_exercise3.py
2024-09-25 07:32:41.635 [info] Discover tests for workspace name: kittanaiyam - uri: /home/kittanaiyam/r2de3-workshops/dags/ws4_exercise3.py
2024-09-25 07:32:43.935 [info] Discover tests for workspace name: kittanaiyam - uri: /home/kittanaiyam/r2de3-workshops/dags/ws4_exercise3.py
2024-09-25 07:32:47.214 [info] Discover tests for workspace name: kittanaiyam - uri: /home/kittanaiyam/r2de3-workshops/dags/ws4_exercise3.py
2024-09-25 07:32:49.645 [info] Discover tests for workspace name: kittanaiyam - uri: /home/kittanaiyam/r2de3-workshops/dags/ws4_exercise3.py
2024-09-25 07:32:51.806 [info] Discover tests for workspace name: kittanaiyam - uri: /home/kittanaiyam/r2de3-workshops/dags/ws4_exercise3.py
2024-09-25 07:32:58.260 [info] Discover tests for workspace name: kittanaiyam - uri: /home/kittanaiyam/r2de3-workshops/dags/ws4_exercise3.py
2024-09-25 07:33:00.340 [info] Discover tests for workspace name: kittanaiyam - uri: /home/kittanaiyam/r2de3-workshops/dags/ws4_exercise3.py
2024-09-25 07:34:04.536 [info] Discover tests for workspace name: kittanaiyam - uri: /home/kittanaiyam/r2de3-workshops/dags/ws4_exercise3.py
2024-09-25 07:34:09.370 [info] Discover tests for workspace name: kittanaiyam - uri: /home/kittanaiyam/r2de3-workshops/dags/ws4_exercise3.py
2024-09-25 07:34:10.340 [info] Discover tests for workspace name: kittanaiyam - uri: /home/kittanaiyam/r2de3-workshops/dags/ws4_exercise3.py
2024-09-25 07:34:13.055 [info] Discover tests for workspace name: kittanaiyam - uri: /home/kittanaiyam/r2de3-workshops/dags/ws4_exercise3.py
2024-09-25 07:34:14.435 [info] Discover tests for workspace name: kittanaiyam - uri: /home/kittanaiyam/r2de3-workshops/dags/ws4_exercise3.py
2024-09-25 07:34:21.905 [info] Discover tests for workspace name: kittanaiyam - uri: /home/kittanaiyam/r2de3-workshops/dags/ws4_exercise3.py
