Initializing document watcher...
Document watcher initialized
kittanaiyam/workshop/workshop3.py: {}
kittanaiyam/workshop/workshop3.py: {}
kittanaiyam/workshop/workshop3.py: {}
kittanaiyam/workshop/workshop3.py: {}
kittanaiyam/workshop/workshop3.py: Using EditorConfig core...
kittanaiyam/workshop/workshop3.py: Using EditorConfig core...
kittanaiyam/workshop/workshop3.py: Using EditorConfig core...
kittanaiyam/workshop/workshop3.py: Using EditorConfig core...
kittanaiyam/workshop/workshop3.py: Using EditorConfig core...
kittanaiyam/workshop/workshop3.py: Using EditorConfig core...
kittanaiyam/workshop/workshop3.py: Using EditorConfig core...
kittanaiyam/workshop/workshop3.py: {}
kittanaiyam/workshop/workshop3.py: Using EditorConfig core...
kittanaiyam/workshop/workshop3.py: Using EditorConfig core...
kittanaiyam/workshop/workshop3.py: {}
kittanaiyam/workshop/workshop3.py: {}
kittanaiyam/workshop/workshop3.py: {}
kittanaiyam/workshop/workshop3.py: {}
kittanaiyam/workshop/workshop3.py: Using EditorConfig core...
kittanaiyam/workshop/workshop3.py: {}
kittanaiyam/workshop/workshop3.py: Using EditorConfig core...
kittanaiyam/workshop/workshop3.py: {}
kittanaiyam/workshop/workshop3.py: {}
kittanaiyam/workshop/workshop3.py: {}
kittanaiyam/workshop/test.parquet: {}
kittanaiyam/workshop/workshop3.py: {}
kittanaiyam/workshop/workshop3.py: {}
kittanaiyam/workshop/workshop3.py: {}
kittanaiyam/workshop/workshop3.py: {}
kittanaiyam/workshop/workshop3.py: Using EditorConfig core...
kittanaiyam/workshop/workshop3.py: {}
kittanaiyam/workshop/workshop3.py: {}
kittanaiyam/workshop/workshop3.py: {}
kittanaiyam/workshop/workshop3.py: {}
kittanaiyam/workshop/workshop3.py: {}
kittanaiyam/workshop/workshop3.py: {}
kittanaiyam/workshop/workshop3.py: {}
kittanaiyam/workshop/workshop3.py: {}
kittanaiyam/workshop/workshop3.py: {}
